  Game.cpp
C:\Users\erwin.hornell\Desktop\gameOfLifeSFML\gameOfLife\gameOfLife\Game.cpp(20,77): warning C4244: 'argument': conversion from 'unsigned int' to 'float', possible loss of data
C:\Users\erwin.hornell\Desktop\gameOfLifeSFML\gameOfLife\gameOfLife\Game.cpp(20,51): warning C4244: 'argument': conversion from 'unsigned int' to 'float', possible loss of data
C:\Users\erwin.hornell\Desktop\gameOfLifeSFML\gameOfLife\gameOfLife\Game.cpp(105,21): warning C4244: 'argument': conversion from 'int' to 'float', possible loss of data
C:\Users\erwin.hornell\Desktop\gameOfLifeSFML\gameOfLife\gameOfLife\Game.cpp(105,18): warning C4244: 'argument': conversion from 'int' to 'float', possible loss of data
C:\Users\erwin.hornell\Desktop\gameOfLifeSFML\gameOfLife\gameOfLife\Game.cpp(155,15): warning C4244: 'initializing': conversion from 'float' to 'int', possible loss of data
C:\Users\erwin.hornell\Desktop\gameOfLifeSFML\gameOfLife\gameOfLife\Game.cpp(163,44): warning C4244: 'argument': conversion from 'int' to 'T', possible loss of data
          with
          [
              T=float
          ]
C:\Users\erwin.hornell\Desktop\gameOfLifeSFML\gameOfLife\gameOfLife\Game.cpp(163,41): warning C4244: 'argument': conversion from 'int' to 'T', possible loss of data
          with
          [
              T=float
          ]
C:\Users\erwin.hornell\Desktop\gameOfLifeSFML\gameOfLife\gameOfLife\Game.cpp(181,13): warning C4244: 'initializing': conversion from 'float' to 'int', possible loss of data
C:\Users\erwin.hornell\Desktop\gameOfLifeSFML\gameOfLife\gameOfLife\Game.cpp(182,13): warning C4244: 'initializing': conversion from 'float' to 'int', possible loss of data
C:\Users\erwin.hornell\Desktop\gameOfLifeSFML\gameOfLife\gameOfLife\Game.cpp(208,11): warning C4244: 'initializing': conversion from 'float' to 'int', possible loss of data
C:\Users\erwin.hornell\Desktop\gameOfLifeSFML\gameOfLife\gameOfLife\Game.cpp(209,11): warning C4244: 'initializing': conversion from 'float' to 'int', possible loss of data
C:\Users\erwin.hornell\Desktop\gameOfLifeSFML\gameOfLife\gameOfLife\Game.cpp(236,87): warning C4244: 'argument': conversion from 'const T' to 'int', possible loss of data
          with
          [
              T=float
          ]
C:\Users\erwin.hornell\Desktop\gameOfLifeSFML\gameOfLife\gameOfLife\Game.cpp(236,58): warning C4244: 'argument': conversion from 'const T' to 'int', possible loss of data
          with
          [
              T=float
          ]
  Main.cpp
  Generating Code...
  gameOfLife.vcxproj -> C:\Users\erwin.hornell\Desktop\gameOfLifeSFML\gameOfLife\x64\Debug\gameOfLife.exe
